<?xml version="1.0" encoding="UTF-8"?>
<testng-results ignored="6" total="7" passed="1" failed="0" skipped="0">
  <reporter-output>
  </reporter-output>
  <suite started-at="2024-07-13T17:07:04 IST" name="Default suite" finished-at="2024-07-13T17:07:26 IST" duration-ms="22611">
    <groups>
    </groups>
    <test started-at="2024-07-13T17:07:04 IST" name="Default test" finished-at="2024-07-13T17:07:26 IST" duration-ms="22611">
      <class name="nativeApps1.apiDemos">
        <test-method is-config="true" signature="bt()[pri:0, instance:nativeApps1.apiDemos@38cee291]" started-at="2024-07-13T17:07:04 IST" name="bt" finished-at="2024-07-13T17:07:17 IST" duration-ms="13233" status="PASS">
          <reporter-output>
          </reporter-output>
        </test-method> <!-- bt -->
        <test-method signature="sendMsg()[pri:0, instance:nativeApps1.apiDemos@38cee291]" started-at="2024-07-13T17:07:17 IST" name="sendMsg" finished-at="2024-07-13T17:07:26 IST" duration-ms="9288" status="PASS">
          <reporter-output>
          </reporter-output>
        </test-method> <!-- sendMsg -->
      </class> <!-- nativeApps1.apiDemos -->
    </test> <!-- Default test -->
  </suite> <!-- Default suite -->
</testng-results>
