<?xml version="1.0" encoding="UTF-8"?>
<!-- Generated by org.testng.reporters.JUnitXMLReporter -->
<testsuite ignored="6" hostname="Sulakhe-Family5" failures="0" tests="1" name="Default test" time="22.611" errors="0" timestamp="2024-07-13T17:07:26 IST">
  <testcase classname="nativeApps1.apiDemos" name="sendMsg" time="9.288"/>
  <testcase classname="nativeApps1.apiDemos" name="dateWidget" time="0.0">
    <ignored/>
  </testcase> <!-- dateWidget -->
  <testcase classname="nativeApps1.apiDemos" name="notifications" time="0.0">
    <ignored/>
  </testcase> <!-- notifications -->
  <testcase classname="nativeApps1.apiDemos" name="dragDrop" time="0.0">
    <ignored/>
  </testcase> <!-- dragDrop -->
  <testcase classname="nativeApps1.apiDemos" name="lognPress" time="0.0">
    <ignored/>
  </testcase> <!-- lognPress -->
  <testcase classname="nativeApps1.apiDemos" name="accesibility" time="0.0">
    <ignored/>
  </testcase> <!-- accesibility -->
  <testcase classname="nativeApps1.apiDemos" name="view" time="0.0">
    <ignored/>
  </testcase> <!-- view -->
</testsuite> <!-- Default test -->
